[20:53:33] [INFO] Pipeline started — product=seese-pro-v9 template=medical-authority angle=testimonial lang=en
[20:53:33] [INFO] Phase 1 | Starting | running | 0%
[20:53:33] [INFO] Phase 2 — Structuring | info_organizer | running | 30%
[20:55:49] [INFO] Phase 3 — Writing | copywriter | running | 50%
[20:59:45] [INFO] Phase 4 — Visuals | visual_strategist | running | 60%
[21:00:54] [INFO] Phase 4 — Visuals | image_prompter | running | 65%
[21:00:54] [INFO] Phase 4 — Visuals | video_prompter | running | 70%
[21:01:39] [INFO] Phase 5 — QA | qa_checker | running | 85%
[21:02:41] [INFO] RETRY triggered — resuming from checkpoint
[21:02:41] [INFO] Pipeline started — product=seese-pro-v9 template=medical-authority angle=testimonial lang=en
[21:02:41] [INFO] CHECKPOINT: Skipping Phase 1-2 (brief exists: structured_brief_Seese-Pro--Ultra-Light--Ultra-Powerful-B.json)
[21:02:41] [INFO] Phase 2 — Structuring | checkpoint | running | 30%
[21:02:41] [INFO] CHECKPOINT: Skipping Phase 3 (draft exists: advertorial_draft_Seese_Pro__Ultra-Light__Ultra-Powerful_B_v1.json)
[21:02:41] [INFO] Phase 3 — Writing | checkpoint | running | 50%
[21:02:41] [INFO] CHECKPOINT: Skipping Phase 4 (prompts exist)
[21:02:41] [INFO] Phase 4 — Visuals | checkpoint | running | 70%
[21:02:41] [INFO] Phase 5 — QA | qa_checker | running | 85%
[21:07:27] [INFO] Phase 5 completed — QA done
[21:07:27] [INFO] Phase 6 — Publishing | html_publisher | running | 95%
[21:07:27] [INFO] Phase 6 completed — HTML published
[21:07:27] [INFO] Pipeline completed — html=data/output/32830fd5/at-65-i-finally-stopped-asking-my-son-to-clear-the-driveway.html words=1124
[21:07:27] [INFO] Done |  | completed | 100%
